#
# There is insufficient memory for the Java Runtime Environment to continue.
# Native memory allocation (malloc) failed to allocate 1048576 bytes for AllocateHeap
# Possible reasons:
#   The system is out of physical RAM or swap space
#   In 32 bit mode, the process size limit was hit
# Possible solutions:
#   Reduce memory load on the system
#   Increase physical memory or swap space
#   Check if swap backing store is full
#   Use 64 bit Java on a 64 bit OS
#   Decrease Java heap size (-Xmx/-Xms)
#   Decrease number of Java threads
#   Decrease Java thread stack sizes (-Xss)
#   Set larger code cache with -XX:ReservedCodeCacheSize=
# This output file may be truncated or incomplete.
#
#  Out of Memory Error (memory/allocation.inline.hpp:61), pid=4196, tid=0x0000000000000a34
#
# JRE version:  (8.0_191-b12) (build )
# Java VM: Java HotSpot(TM) 64-Bit Server VM (25.191-b12 mixed mode windows-amd64 compressed oops)
# Failed to write core dump. Minidumps are not enabled by default on client versions of Windows
#

---------------  T H R E A D  ---------------

Current thread (0x0000000002be2800):  JavaThread "Unknown thread" [_thread_in_vm, id=2612, stack(0x0000000002790000,0x0000000002890000)]

Stack: [0x0000000002790000,0x0000000002890000]
[error occurred during error reporting (printing stack bounds), id 0xc0000005]

Native frames: (J=compiled Java code, j=interpreted, Vv=VM code, C=native code)


---------------  P R O C E S S  ---------------

Java Threads: ( => current thread )

Other Threads:

=>0x0000000002be2800 (exited) JavaThread "Unknown thread" [_thread_in_vm, id=2612, stack(0x0000000002790000,0x0000000002890000)]

VM state:not at safepoint (normal execution)

VM Mutex/Monitor currently owned by a thread: None

Heap:
 PSYoungGen      total 36864K, used 634K [0x00000000d6c00000, 0x00000000d9500000, 0x0000000100000000)
  eden space 31744K, 2% used [0x00000000d6c00000,0x00000000d6c9eb90,0x00000000d8b00000)
  from space 5120K, 0% used [0x00000000d9000000,0x00000000d9000000,0x00000000d9500000)
  to   space 5120K, 0% used [0x00000000d8b00000,0x00000000d8b00000,0x00000000d9000000)
 ParOldGen       total 84992K, used 0K [0x0000000084400000, 0x0000000089700000, 0x00000000d6c00000)
  object space 84992K, 0% used [0x0000000084400000,0x0000000084400000,0x0000000089700000)
 Metaspace       used 775K, capacity 4480K, committed 4480K, reserved 1056768K
  class space    used 76K, capacity 384K, committed 384K, reserved 1048576K

Card table byte_map: [0x0000000012150000,0x0000000012530000] byte_map_base: 0x0000000011d2e000

Marking Bits: (ParMarkBitMap*) 0x0000000056e73e30
 Begin Bits: [0x0000000012bd0000, 0x0000000014ac0000)
 End Bits:   [0x0000000014ac0000, 0x00000000169b0000)

Polling page: 0x0000000000f60000

CodeCache: size=245760Kb used=328Kb max_used=328Kb free=245431Kb
 bounds [0x0000000002d90000, 0x0000000003000000, 0x0000000011d90000]
 total_blobs=58 nmethods=0 adapters=38
 compilation: enabled

Compilation events (0 events):
No events

GC Heap History (0 events):
No events

Deoptimization events (0 events):
No events

Classes redefined (0 events):
No events

Internal exceptions (0 events):
No events

Events (10 events):
Event: 0.024 loading class java/lang/Short
Event: 0.024 loading class java/lang/Short done
Event: 0.024 loading class java/lang/Integer
Event: 0.024 loading class java/lang/Integer done
Event: 0.024 loading class java/lang/Long
Event: 0.024 loading class java/lang/Long done
Event: 0.025 loading class java/lang/NullPointerException
Event: 0.025 loading class java/lang/NullPointerException done
Event: 0.025 loading class java/lang/ArithmeticException
Event: 0.025 loading class java/lang/ArithmeticException done


Dynamic libraries:
0x00007ff7aecd0000 - 0x00007ff7aed07000 	C:\Program Files\Java\jdk1.8.0_191\bin\java.exe
0x00007ffe854a0000 - 0x00007ffe85690000 	C:\WINDOWS\SYSTEM32\ntdll.dll
0x00007ffe83690000 - 0x00007ffe83742000 	C:\WINDOWS\System32\KERNEL32.DLL
0x00007ffe82660000 - 0x00007ffe82903000 	C:\WINDOWS\System32\KERNELBASE.dll
0x00007ffe83aa0000 - 0x00007ffe83b43000 	C:\WINDOWS\System32\ADVAPI32.dll
0x00007ffe853c0000 - 0x00007ffe8545e000 	C:\WINDOWS\System32\msvcrt.dll
0x00007ffe843e0000 - 0x00007ffe84477000 	C:\WINDOWS\System32\sechost.dll
0x00007ffe83980000 - 0x00007ffe83aa0000 	C:\WINDOWS\System32\RPCRT4.dll
0x00007ffe84480000 - 0x00007ffe84614000 	C:\WINDOWS\System32\USER32.dll
0x00007ffe82490000 - 0x00007ffe824b1000 	C:\WINDOWS\System32\win32u.dll
0x00007ffe83c20000 - 0x00007ffe83c46000 	C:\WINDOWS\System32\GDI32.dll
0x00007ffe824c0000 - 0x00007ffe82654000 	C:\WINDOWS\System32\gdi32full.dll
0x00007ffe83190000 - 0x00007ffe8322e000 	C:\WINDOWS\System32\msvcp_win.dll
0x00007ffe83430000 - 0x00007ffe8352a000 	C:\WINDOWS\System32\ucrtbase.dll
0x00007ffe6e910000 - 0x00007ffe6eb95000 	C:\WINDOWS\WinSxS\amd64_microsoft.windows.common-controls_6595b64144ccf1df_6.0.18362.535_none_e6c3b34713100821\COMCTL32.dll
0x00007ffe84780000 - 0x00007ffe84ab6000 	C:\WINDOWS\System32\combase.dll
0x00007ffe82960000 - 0x00007ffe829e0000 	C:\WINDOWS\System32\bcryptPrimitives.dll
0x00007ffe83d20000 - 0x00007ffe83d4e000 	C:\WINDOWS\System32\IMM32.DLL
0x0000000056570000 - 0x0000000056642000 	C:\Program Files\Java\jdk1.8.0_191\jre\bin\msvcr100.dll
0x0000000056650000 - 0x0000000056ef4000 	C:\Program Files\Java\jdk1.8.0_191\jre\bin\server\jvm.dll
0x00007ffe85260000 - 0x00007ffe85268000 	C:\WINDOWS\System32\PSAPI.DLL
0x00007ffe66e20000 - 0x00007ffe66e29000 	C:\WINDOWS\SYSTEM32\WSOCK32.dll
0x00007ffe7c760000 - 0x00007ffe7c784000 	C:\WINDOWS\SYSTEM32\WINMM.dll
0x00007ffe72a30000 - 0x00007ffe72a3a000 	C:\WINDOWS\SYSTEM32\VERSION.dll
0x00007ffe84300000 - 0x00007ffe8436f000 	C:\WINDOWS\System32\WS2_32.dll
0x00007ffe7c730000 - 0x00007ffe7c75d000 	C:\WINDOWS\SYSTEM32\winmmbase.dll
0x00007ffe82910000 - 0x00007ffe8295a000 	C:\WINDOWS\System32\cfgmgr32.dll
0x0000000056520000 - 0x000000005652f000 	C:\Program Files\Java\jdk1.8.0_191\jre\bin\verify.dll
0x00000000564f0000 - 0x0000000056519000 	C:\Program Files\Java\jdk1.8.0_191\jre\bin\java.dll
0x00000000564d0000 - 0x00000000564e6000 	C:\Program Files\Java\jdk1.8.0_191\jre\bin\zip.dll

VM Arguments:
jvm_args: -Dfile.encoding=UTF-8 
java_command: BookBorrowingManagementSystem.FrmReaderInformation
java_class_path (initial): D:\git\Book-borrowing-management-system\lib\sqljdbc42.jar;D:\git\Book-borrowing-management-system\build\classes
Launcher Type: SUN_STANDARD

Environment Variables:
JAVA_HOME=C:\Program Files\Java\jdk1.8.0_191
CLASSPATH=.;C:\Program Files\Java\jdk1.8.0_191\lib\dt.jar;C:\Program Files\Java\jdk1.8.0_191\lib\tools.jar;D:\Program Files\LINGO12\Lingo12.jar
PATH=C:\Program Files (x86)\Common Files\Oracle\Java\javapath;C:\WINDOWS\system32;C:\WINDOWS;C:\WINDOWS\System32\Wbem;C:\WINDOWS\System32\WindowsPowerShell\v1.0\;C:\WINDOWS\System32\OpenSSH\;C:\Program Files\Microsoft\Web Platform Installer\;C:\Program Files (x86)\Microsoft ASP.NET\ASP.NET Web Pages\v1.0\;C:\Program Files\Java\jdk1.8.0_191\bin;C:\Program Files\Java\jdk1.8.0_191\jre\bin;C:\Program Files\dotnet\;C:\Program Files\Microsoft SQL Server\130\Tools\Binn\;C:\Program Files (x86)\dotnet\;C:\Program Files (x86)\Intel\Intel(R) Management Engine Components\DAL;C:\Program Files\Intel\Intel(R) Management Engine Components\DAL;C:\Program Files\Git\cmd;C:\Program Files\PuTTY\;C:\Program Files\nodejs\;D:\Program Files\LINGO12\;D:\Program Files\opencv\build\x64\vc14\bin;D:\Program Files\opencv\build\bin;C:\Program Files\Microsoft SQL Server\Client SDK\ODBC\170\Tools\Binn\;C:\Program Files (x86)\Microsoft SQL Server\140\Tools\Binn\;C:\Program Files\Microsoft SQL Server\140\Tools\Binn\;C:\Program Files (x86)\Microsoft SQL Server\140\DTS\Binn\;C:\Program Files\Microsoft SQL Server\140\DTS\Binn\;C:\Program Files\Microsoft SQL Server\Client SDK\ODBC\130\Tools\Binn\;C:\Program Files (x86)\Microsoft SQL Server\150\DTS\Binn\;C:\Users\congcong\AppData\Local\Programs\Python\Python37-32\Scripts\;C:\Users\congcong\AppData\Local\Programs\Python\Python37-32\;C:\Users\congcong\AppData\Local\Microsoft\WindowsApps;D:\Program Files\MinGW\bin;C:\FPC\2.0.4\bin\i386-Win32;C:\FPC\2.0.4\bin;D:\Program Files\Everything;D:\Program Files\–°ÕËπ§æﬂœ‰rev194\tools;C:\Users\congcong\.dotnet\tools;C:\Program Files\Notepad++;D:\Program Files\Winscp;C:\Program Files\OpenSSL-Win64\bin;C:\Users\congcong\AppData\Local\Microsoft\WindowsApps;D:\Program Files\mysql-8.0.11-winx64\bin;C:\Users\congcong\AppData\Roaming\npm;C:\Program Files (x86)\Nmap;C:\Users\congcong\AppData\Local\Programs\Microsoft VS Code\bin;C:\Users\congcong\AppData\Local\GitHubDesktop\bin
USERNAME=congcong
OS=Windows_NT
PROCESSOR_IDENTIFIER=Intel64 Family 6 Model 142 Stepping 9, GenuineIntel



---------------  S Y S T E M  ---------------

OS: Windows 10.0 , 64 bit Build 18362 (10.0.18362.329)

CPU:total 4 (initial active 4) (2 cores per cpu, 2 threads per core) family 6 model 142 stepping 9, cmov, cx8, fxsr, mmx, sse, sse2, sse3, ssse3, sse4.1, sse4.2, popcnt, avx, avx2, aes, clmul, erms, 3dnowpref, lzcnt, ht, tsc, tscinvbit, bmi1, bmi2, adx

Memory: 4k page, physical 8106040k(2208824k free), swap 10203192k(5664k free)

vm_info: Java HotSpot(TM) 64-Bit Server VM (25.191-b12) for windows-amd64 JRE (1.8.0_191-b12), built on Oct  6 2018 09:29:03 by "java_re" with MS VC++ 10.0 (VS2010)

time: Sun Dec 22 12:38:00 2019
elapsed time: 0 seconds (0d 0h 0m 0s)

