#
# There is insufficient memory for the Java Runtime Environment to continue.
# Native memory allocation (malloc) failed to allocate 32744 bytes for ChunkPool::allocate
# Possible reasons:
#   The system is out of physical RAM or swap space
#   In 32 bit mode, the process size limit was hit
# Possible solutions:
#   Reduce memory load on the system
#   Increase physical memory or swap space
#   Check if swap backing store is full
#   Use 64 bit Java on a 64 bit OS
#   Decrease Java heap size (-Xmx/-Xms)
#   Decrease number of Java threads
#   Decrease Java thread stack sizes (-Xss)
#   Set larger code cache with -XX:ReservedCodeCacheSize=
# This output file may be truncated or incomplete.
#
#  Out of Memory Error (allocation.cpp:273), pid=18880, tid=0x00000000000036cc
#
# JRE version: Java(TM) SE Runtime Environment (8.0_191-b12) (build 1.8.0_191-b12)
# Java VM: Java HotSpot(TM) 64-Bit Server VM (25.191-b12 mixed mode windows-amd64 compressed oops)
# Failed to write core dump. Minidumps are not enabled by default on client versions of Windows
#

---------------  T H R E A D  ---------------

Current thread (0x0000000017a8b800):  JavaThread "C1 CompilerThread2" daemon [_thread_in_native, id=14028, stack(0x0000000019590000,0x0000000019690000)]

Stack: [0x0000000019590000,0x0000000019690000]
[error occurred during error reporting (printing stack bounds), id 0xc0000005]

Native frames: (J=compiled Java code, j=interpreted, Vv=VM code, C=native code)


Current CompileTask:
C1:    405  400       3       javax.swing.plaf.nimbus.NimbusStyle::validate (1178 bytes)


---------------  P R O C E S S  ---------------

Java Threads: ( => current thread )
  0x0000000002f92800 JavaThread "DestroyJavaVM" [_thread_blocked, id=7504, stack(0x0000000002e90000,0x0000000002f90000)]
  0x0000000019179000 JavaThread "AWT-EventQueue-0" [_thread_in_vm, id=19448, stack(0x000000001b630000,0x000000001b730000)]
  0x0000000019162800 JavaThread "AWT-Windows" daemon [_thread_in_native, id=3708, stack(0x000000001a340000,0x000000001a440000)]
  0x0000000019160000 JavaThread "AWT-Shutdown" [_thread_blocked, id=8896, stack(0x000000001a240000,0x000000001a340000)]
  0x000000001915f000 JavaThread "Java2D Disposer" daemon [_thread_blocked, id=16892, stack(0x000000001a140000,0x000000001a240000)]
  0x0000000018e1d000 JavaThread "Service Thread" daemon [_thread_blocked, id=14380, stack(0x0000000019690000,0x0000000019790000)]
=>0x0000000017a8b800 JavaThread "C1 CompilerThread2" daemon [_thread_in_native, id=14028, stack(0x0000000019590000,0x0000000019690000)]
  0x0000000017a87800 JavaThread "C2 CompilerThread1" daemon [_thread_blocked, id=19864, stack(0x0000000019490000,0x0000000019590000)]
  0x0000000017a84000 JavaThread "C2 CompilerThread0" daemon [_thread_in_native, id=3528, stack(0x0000000019390000,0x0000000019490000)]
  0x0000000017a40800 JavaThread "Attach Listener" daemon [_thread_blocked, id=12652, stack(0x0000000019290000,0x0000000019390000)]
  0x0000000018da0800 JavaThread "Signal Dispatcher" daemon [_thread_blocked, id=20008, stack(0x0000000019190000,0x0000000019290000)]
  0x0000000017a20000 JavaThread "Finalizer" daemon [_thread_blocked, id=14840, stack(0x0000000018c90000,0x0000000018d90000)]
  0x0000000003083800 JavaThread "Reference Handler" daemon [_thread_blocked, id=8120, stack(0x0000000018b90000,0x0000000018c90000)]

Other Threads:
  0x00000000179f6800 VMThread [stack: 0x0000000018a90000,0x0000000018b90000] [id=7808]
  0x0000000018e41800 WatcherThread [stack: 0x0000000019790000,0x0000000019890000] [id=17696]

VM state:not at safepoint (normal execution)

VM Mutex/Monitor currently owned by a thread: None

Heap:
 PSYoungGen      total 36864K, used 6985K [0x00000000d6c00000, 0x00000000d9500000, 0x0000000100000000)
  eden space 31744K, 22% used [0x00000000d6c00000,0x00000000d72d2438,0x00000000d8b00000)
  from space 5120K, 0% used [0x00000000d9000000,0x00000000d9000000,0x00000000d9500000)
  to   space 5120K, 0% used [0x00000000d8b00000,0x00000000d8b00000,0x00000000d9000000)
 ParOldGen       total 84992K, used 0K [0x0000000084400000, 0x0000000089700000, 0x00000000d6c00000)
  object space 84992K, 0% used [0x0000000084400000,0x0000000084400000,0x0000000089700000)
 Metaspace       used 10977K, capacity 11202K, committed 11392K, reserved 1060864K
  class space    used 1487K, capacity 1585K, committed 1664K, reserved 1048576K

Card table byte_map: [0x0000000012450000,0x0000000012830000] byte_map_base: 0x000000001202e000

Marking Bits: (ParMarkBitMap*) 0x0000000056e73e30
 Begin Bits: [0x0000000012ed0000, 0x0000000014dc0000)
 End Bits:   [0x0000000014dc0000, 0x0000000016cb0000)

Polling page: 0x0000000000d60000

CodeCache: size=245760Kb used=1939Kb max_used=1948Kb free=243820Kb
 bounds [0x0000000003090000, 0x0000000003300000, 0x0000000012090000]
 total_blobs=811 nmethods=401 adapters=323
 compilation: enabled

Compilation events (10 events):
Event: 0.370 Thread 0x0000000017a8b800 nmethod 394 0x000000000326fb10 code [0x000000000326fc60, 0x000000000326fd70]
Event: 0.371 Thread 0x0000000017a8b800  396       3       java.lang.Float::isNaN (12 bytes)
Event: 0.371 Thread 0x0000000017a8b800 nmethod 396 0x000000000326fdd0 code [0x000000000326ff20, 0x00000000032700d0]
Event: 0.371 Thread 0x0000000017a8b800  397       3       java.lang.Character::charCount (12 bytes)
Event: 0.371 Thread 0x0000000017a8b800 nmethod 397 0x0000000003270150 code [0x00000000032702a0, 0x0000000003270430]
Event: 0.372 Thread 0x0000000017a8b800  399       3       java.lang.Integer::valueOf (32 bytes)
Event: 0.373 Thread 0x0000000017a8b800 nmethod 399 0x0000000003270490 code [0x0000000003270600, 0x0000000003270950]
Event: 0.373 Thread 0x0000000017a8b800  400       3       javax.swing.plaf.nimbus.NimbusStyle::validate (1178 bytes)
Event: 0.375 Thread 0x0000000017a84000 nmethod 383 0x0000000003274050 code [0x00000000032741c0, 0x0000000003274ad8]
Event: 0.375 Thread 0x0000000017a84000  395       4       java.util.HashMap::get (23 bytes)

GC Heap History (0 events):
No events

Deoptimization events (0 events):
No events

Classes redefined (0 events):
No events

Internal exceptions (10 events):
Event: 0.274 Thread 0x0000000002f92800 Exception <a 'java/lang/ClassNotFoundException': ToolBar> (0x00000000d7061a68) thrown at [C:\re\workspace\8-2-build-windows-amd64-cygwin\jdk8u191\11896\hotspot\src\share\vm\classfile\systemDictionary.cpp, line 210]
Event: 0.274 Thread 0x0000000002f92800 Exception <a 'java/lang/ClassNotFoundException': ToggleButton> (0x00000000d7062018) thrown at [C:\re\workspace\8-2-build-windows-amd64-cygwin\jdk8u191\11896\hotspot\src\share\vm\classfile\systemDictionary.cpp, line 210]
Event: 0.274 Thread 0x0000000002f92800 Exception <a 'java/lang/ClassNotFoundException': javax/swing/JToolBarSeparator> (0x00000000d7062478) thrown at [C:\re\workspace\8-2-build-windows-amd64-cygwin\jdk8u191\11896\hotspot\src\share\vm\classfile\systemDictionary.cpp, line 210]
Event: 0.274 Thread 0x0000000002f92800 Exception <a 'java/lang/ClassNotFoundException': ToolBarSeparator> (0x00000000d7062910) thrown at [C:\re\workspace\8-2-build-windows-amd64-cygwin\jdk8u191\11896\hotspot\src\share\vm\classfile\systemDictionary.cpp, line 210]
Event: 0.274 Thread 0x0000000002f92800 Exception <a 'java/lang/ClassNotFoundException': ToolTip> (0x00000000d7063050) thrown at [C:\re\workspace\8-2-build-windows-amd64-cygwin\jdk8u191\11896\hotspot\src\share\vm\classfile\systemDictionary.cpp, line 210]
Event: 0.275 Thread 0x0000000002f92800 Exception <a 'java/lang/ClassNotFoundException': Tree> (0x00000000d7063c70) thrown at [C:\re\workspace\8-2-build-windows-amd64-cygwin\jdk8u191\11896\hotspot\src\share\vm\classfile\systemDictionary.cpp, line 210]
Event: 0.275 Thread 0x0000000002f92800 Exception <a 'java/lang/ClassNotFoundException': Tree> (0x00000000d70643b0) thrown at [C:\re\workspace\8-2-build-windows-amd64-cygwin\jdk8u191\11896\hotspot\src\share\vm\classfile\systemDictionary.cpp, line 210]
Event: 0.275 Thread 0x0000000002f92800 Exception <a 'java/lang/ClassNotFoundException': javax/swing/JTreeCell> (0x00000000d7064730) thrown at [C:\re\workspace\8-2-build-windows-amd64-cygwin\jdk8u191\11896\hotspot\src\share\vm\classfile\systemDictionary.cpp, line 210]
Event: 0.275 Thread 0x0000000002f92800 Exception <a 'java/lang/ClassNotFoundException': TreeCell> (0x00000000d7064bb8) thrown at [C:\re\workspace\8-2-build-windows-amd64-cygwin\jdk8u191\11896\hotspot\src\share\vm\classfile\systemDictionary.cpp, line 210]
Event: 0.275 Thread 0x0000000002f92800 Exception <a 'java/lang/ClassNotFoundException': RootPane> (0x00000000d7065618) thrown at [C:\re\workspace\8-2-build-windows-amd64-cygwin\jdk8u191\11896\hotspot\src\share\vm\classfile\systemDictionary.cpp, line 210]

Events (10 events):
Event: 0.374 loading class javax/swing/plaf/basic/BasicComboBoxEditor
Event: 0.375 loading class javax/swing/ComboBoxEditor
Event: 0.375 loading class javax/swing/ComboBoxEditor done
Event: 0.375 loading class javax/swing/plaf/basic/BasicComboBoxEditor done
Event: 0.375 loading class javax/swing/plaf/basic/BasicComboBoxEditor$UIResource done
Event: 0.375 loading class javax/swing/plaf/synth/SynthComboBoxUI$SynthComboBoxEditor done
Event: 0.376 loading class javax/swing/plaf/synth/SynthComboBoxUI$EditorFocusHandler
Event: 0.376 loading class javax/swing/plaf/synth/SynthComboBoxUI$EditorFocusHandler done
Event: 0.376 loading class javax/swing/plaf/basic/BasicComboBoxUI$Handler
Event: 0.376 loading class javax/swing/plaf/basic/BasicComboBoxUI$Handler done


Dynamic libraries:
0x00007ff7aecd0000 - 0x00007ff7aed07000 	C:\Program Files\Java\jdk1.8.0_191\bin\java.exe
0x00007ffe854a0000 - 0x00007ffe85690000 	C:\WINDOWS\SYSTEM32\ntdll.dll
0x00007ffe83690000 - 0x00007ffe83742000 	C:\WINDOWS\System32\KERNEL32.DLL
0x00007ffe82660000 - 0x00007ffe82903000 	C:\WINDOWS\System32\KERNELBASE.dll
0x00007ffe83aa0000 - 0x00007ffe83b43000 	C:\WINDOWS\System32\ADVAPI32.dll
0x00007ffe853c0000 - 0x00007ffe8545e000 	C:\WINDOWS\System32\msvcrt.dll
0x00007ffe843e0000 - 0x00007ffe84477000 	C:\WINDOWS\System32\sechost.dll
0x00007ffe83980000 - 0x00007ffe83aa0000 	C:\WINDOWS\System32\RPCRT4.dll
0x00007ffe84480000 - 0x00007ffe84614000 	C:\WINDOWS\System32\USER32.dll
0x00007ffe82490000 - 0x00007ffe824b1000 	C:\WINDOWS\System32\win32u.dll
0x00007ffe83c20000 - 0x00007ffe83c46000 	C:\WINDOWS\System32\GDI32.dll
0x00007ffe824c0000 - 0x00007ffe82654000 	C:\WINDOWS\System32\gdi32full.dll
0x00007ffe83190000 - 0x00007ffe8322e000 	C:\WINDOWS\System32\msvcp_win.dll
0x00007ffe83430000 - 0x00007ffe8352a000 	C:\WINDOWS\System32\ucrtbase.dll
0x00007ffe6e910000 - 0x00007ffe6eb95000 	C:\WINDOWS\WinSxS\amd64_microsoft.windows.common-controls_6595b64144ccf1df_6.0.18362.535_none_e6c3b34713100821\COMCTL32.dll
0x00007ffe84780000 - 0x00007ffe84ab6000 	C:\WINDOWS\System32\combase.dll
0x00007ffe82960000 - 0x00007ffe829e0000 	C:\WINDOWS\System32\bcryptPrimitives.dll
0x00007ffe83d20000 - 0x00007ffe83d4e000 	C:\WINDOWS\System32\IMM32.DLL
0x0000000056570000 - 0x0000000056642000 	C:\Program Files\Java\jdk1.8.0_191\jre\bin\msvcr100.dll
0x0000000056650000 - 0x0000000056ef4000 	C:\Program Files\Java\jdk1.8.0_191\jre\bin\server\jvm.dll
0x00007ffe85260000 - 0x00007ffe85268000 	C:\WINDOWS\System32\PSAPI.DLL
0x00007ffe7c760000 - 0x00007ffe7c784000 	C:\WINDOWS\SYSTEM32\WINMM.dll
0x00007ffe66e20000 - 0x00007ffe66e29000 	C:\WINDOWS\SYSTEM32\WSOCK32.dll
0x00007ffe72a30000 - 0x00007ffe72a3a000 	C:\WINDOWS\SYSTEM32\VERSION.dll
0x00007ffe84300000 - 0x00007ffe8436f000 	C:\WINDOWS\System32\WS2_32.dll
0x00007ffe7c730000 - 0x00007ffe7c75d000 	C:\WINDOWS\SYSTEM32\winmmbase.dll
0x00007ffe82910000 - 0x00007ffe8295a000 	C:\WINDOWS\System32\cfgmgr32.dll
0x0000000056520000 - 0x000000005652f000 	C:\Program Files\Java\jdk1.8.0_191\jre\bin\verify.dll
0x00000000564f0000 - 0x0000000056519000 	C:\Program Files\Java\jdk1.8.0_191\jre\bin\java.dll
0x00000000564d0000 - 0x00000000564e6000 	C:\Program Files\Java\jdk1.8.0_191\jre\bin\zip.dll
0x00007ffe84ac0000 - 0x00007ffe851a5000 	C:\WINDOWS\System32\SHELL32.dll
0x00007ffe851b0000 - 0x00007ffe85259000 	C:\WINDOWS\System32\shcore.dll
0x00007ffe82a10000 - 0x00007ffe8318f000 	C:\WINDOWS\System32\windows.storage.dll
0x00007ffe82410000 - 0x00007ffe8242f000 	C:\WINDOWS\System32\profapi.dll
0x00007ffe823c0000 - 0x00007ffe8240a000 	C:\WINDOWS\System32\powrprof.dll
0x00007ffe82370000 - 0x00007ffe82380000 	C:\WINDOWS\System32\UMPDC.dll
0x00007ffe83cc0000 - 0x00007ffe83d12000 	C:\WINDOWS\System32\shlwapi.dll
0x00007ffe823a0000 - 0x00007ffe823b1000 	C:\WINDOWS\System32\kernel.appcore.dll
0x00007ffe83530000 - 0x00007ffe83547000 	C:\WINDOWS\System32\cryptsp.dll
0x00000000562f0000 - 0x0000000056489000 	C:\Program Files\Java\jdk1.8.0_191\jre\bin\awt.dll
0x00007ffe852d0000 - 0x00007ffe85394000 	C:\WINDOWS\System32\OLEAUT32.dll
0x00007ffe7c860000 - 0x00007ffe7c8ef000 	C:\WINDOWS\SYSTEM32\apphelp.dll
0x00007ffe7c9c0000 - 0x00007ffe7ca59000 	C:\WINDOWS\system32\uxtheme.dll
0x00007ffe83550000 - 0x00007ffe83685000 	C:\WINDOWS\System32\MSCTF.dll
0x00007ffe84620000 - 0x00007ffe84776000 	C:\WINDOWS\System32\ole32.dll
0x00007ffe7d6a0000 - 0x00007ffe7d6cd000 	C:\WINDOWS\system32\DWMAPI.DLL
0x00000000562a0000 - 0x00000000562e7000 	C:\Program Files\Java\jdk1.8.0_191\jre\bin\fontmanager.dll
0x00007ffe612d0000 - 0x00007ffe61426000 	C:\WINDOWS\system32\opengl32.dll
0x00007ffe65970000 - 0x00007ffe6599c000 	C:\WINDOWS\SYSTEM32\GLU32.dll
0x00007ffe80fc0000 - 0x00007ffe80fe0000 	C:\WINDOWS\SYSTEM32\dxcore.dll
0x00000000564b0000 - 0x00000000564ca000 	C:\Program Files\Java\jdk1.8.0_191\jre\bin\net.dll
0x0000000000000000 - 0x0000000000000000 	

VM Arguments:
jvm_args: -Dfile.encoding=UTF-8 
java_command: BookBorrowingManagementSystem.FrmReaderInformation
java_class_path (initial): D:\git\Book-borrowing-management-system\lib\sqljdbc42.jar;D:\git\Book-borrowing-management-system\build\classes
Launcher Type: SUN_STANDARD

Environment Variables:
JAVA_HOME=C:\Program Files\Java\jdk1.8.0_191
CLASSPATH=.;C:\Program Files\Java\jdk1.8.0_191\lib\dt.jar;C:\Program Files\Java\jdk1.8.0_191\lib\tools.jar;D:\Program Files\LINGO12\Lingo12.jar
PATH=C:\Program Files (x86)\Common Files\Oracle\Java\javapath;C:\WINDOWS\system32;C:\WINDOWS;C:\WINDOWS\System32\Wbem;C:\WINDOWS\System32\WindowsPowerShell\v1.0\;C:\WINDOWS\System32\OpenSSH\;C:\Program Files\Microsoft\Web Platform Installer\;C:\Program Files (x86)\Microsoft ASP.NET\ASP.NET Web Pages\v1.0\;C:\Program Files\Java\jdk1.8.0_191\bin;C:\Program Files\Java\jdk1.8.0_191\jre\bin;C:\Program Files\dotnet\;C:\Program Files\Microsoft SQL Server\130\Tools\Binn\;C:\Program Files (x86)\dotnet\;C:\Program Files (x86)\Intel\Intel(R) Management Engine Components\DAL;C:\Program Files\Intel\Intel(R) Management Engine Components\DAL;C:\Program Files\Git\cmd;C:\Program Files\PuTTY\;C:\Program Files\nodejs\;D:\Program Files\LINGO12\;D:\Program Files\opencv\build\x64\vc14\bin;D:\Program Files\opencv\build\bin;C:\Program Files\Microsoft SQL Server\Client SDK\ODBC\170\Tools\Binn\;C:\Program Files (x86)\Microsoft SQL Server\140\Tools\Binn\;C:\Program Files\Microsoft SQL Server\140\Tools\Binn\;C:\Program Files (x86)\Microsoft SQL Server\140\DTS\Binn\;C:\Program Files\Microsoft SQL Server\140\DTS\Binn\;C:\Program Files\Microsoft SQL Server\Client SDK\ODBC\130\Tools\Binn\;C:\Program Files (x86)\Microsoft SQL Server\150\DTS\Binn\;C:\Users\congcong\AppData\Local\Programs\Python\Python37-32\Scripts\;C:\Users\congcong\AppData\Local\Programs\Python\Python37-32\;C:\Users\congcong\AppData\Local\Microsoft\WindowsApps;D:\Program Files\MinGW\bin;C:\FPC\2.0.4\bin\i386-Win32;C:\FPC\2.0.4\bin;D:\Program Files\Everything;D:\Program Files\–°ÕËπ§æﬂœ‰rev194\tools;C:\Users\congcong\.dotnet\tools;C:\Program Files\Notepad++;D:\Program Files\Winscp;C:\Program Files\OpenSSL-Win64\bin;C:\Users\congcong\AppData\Local\Microsoft\WindowsApps;D:\Program Files\mysql-8.0.11-winx64\bin;C:\Users\congcong\AppData\Roaming\npm;C:\Program Files (x86)\Nmap;C:\Users\congcong\AppData\Local\Programs\Microsoft VS Code\bin;C:\Users\congcong\AppData\Local\GitHubDesktop\bin
USERNAME=congcong
OS=Windows_NT
PROCESSOR_IDENTIFIER=Intel64 Family 6 Model 142 Stepping 9, GenuineIntel



---------------  S Y S T E M  ---------------

OS: Windows 10.0 , 64 bit Build 18362 (10.0.18362.329)

CPU:total 4 (initial active 4) (2 cores per cpu, 2 threads per core) family 6 model 142 stepping 9, cmov, cx8, fxsr, mmx, sse, sse2, sse3, ssse3, sse4.1, sse4.2, popcnt, avx, avx2, aes, clmul, erms, 3dnowpref, lzcnt, ht, tsc, tscinvbit, bmi1, bmi2, adx

Memory: 4k page, physical 8106040k(2194372k free), swap 10203192k(4092k free)

vm_info: Java HotSpot(TM) 64-Bit Server VM (25.191-b12) for windows-amd64 JRE (1.8.0_191-b12), built on Oct  6 2018 09:29:03 by "java_re" with MS VC++ 10.0 (VS2010)

time: Sun Dec 22 12:38:22 2019
elapsed time: 0 seconds (0d 0h 0m 0s)

